<?xml version="1.0" encoding="UTF-8" ?>
<testsuite errors="0" failures="0" hostname="mihai-HP-ProBook-4530s" name="tests.TestApp" tests="3" time="0.352" timestamp="2014-03-30T10:26:48">
  <properties>
[...]
</properties>
  <testcase classname="tests.TestApp" name="testPortConfig" time="0.011" />
  <testcase classname="tests.TestApp" name="testUsernameConfig" time="0.001" />
  <testcase classname="tests.TestApp" name="testAddressConfig" time="0.005" />
  <system-out><![CDATA[]]></system-out>
  <system-err><![CDATA[]]></system-err>
</testsuite>
